[01m[Kcc1plus:[m[K [01;31m[Kfatal error: [m[K/home/y/GZ_DiNiu/src/encoder_vel/src/motor_control_node.cpp: No such file or directory
compilation terminated.
gmake[2]: *** [CMakeFiles/motor_control_node.dir/build.make:76: CMakeFiles/motor_control_node.dir/src/motor_control_node.cpp.o] Error 1
gmake[1]: *** [CMakeFiles/Makefile2:165: CMakeFiles/motor_control_node.dir/all] Error 2
gmake: *** [Makefile:146: all] Error 2
